<?xml version="1.0" encoding="UTF-8"?>
<!-- Generated by org.testng.reporters.JUnitReportReporter -->
<testsuite hostname="DESKTOP-4T13P6B" failures="0" tests="1" name="com.vtiger.contactsTest.CreateContactWithOrganizationTest" time="31.830" errors="0" timestamp="31 May 2022 06:25:17 GMT" skipped="0">
  <testcase classname="com.vtiger.contactsTest.CreateContactWithOrganizationTest" name="createContactWithOrganizationTest" time="31.830"/>
</testsuite> <!-- com.vtiger.contactsTest.CreateContactWithOrganizationTest -->
