<?xml version="1.0" encoding="UTF-8"?>
<!-- Generated by org.testng.reporters.JUnitReportReporter -->
<testsuite hostname="DESKTOP-4T13P6B" failures="0" tests="1" name="com.vtiger.contactsTest.CreateContactsTest" time="16.203" errors="0" timestamp="31 May 2022 06:24:20 GMT" skipped="0">
  <testcase classname="com.vtiger.contactsTest.CreateContactsTest" name="createContactsTest" time="16.203"/>
</testsuite> <!-- com.vtiger.contactsTest.CreateContactsTest -->
