<?xml version="1.0" encoding="UTF-8"?>
<!-- Generated by org.testng.reporters.JUnitReportReporter -->
<testsuite hostname="DESKTOP-4T13P6B" failures="0" tests="1" name="com.vtiger.organizationTest.CreateOrganizationWithIndustyAndTypeTest" time="19.527" errors="0" timestamp="31 May 2022 06:27:55 GMT" skipped="0">
  <testcase classname="com.vtiger.organizationTest.CreateOrganizationWithIndustyAndTypeTest" name="createOrganizationWithIndustyAndTypeTest" time="19.527"/>
</testsuite> <!-- com.vtiger.organizationTest.CreateOrganizationWithIndustyAndTypeTest -->
